2023-08-29 17:22:31,544 [main] INFO  com.ep.api.utils.LoggerManagement - PutMethod- Update the user details by passing json body and query parameter - Base URI set to: https://petstore.swagger.io/v2
2023-08-29 17:22:31,607 [main] INFO  com.ep.api.utils.LoggerManagement - PutMethod- Update the user details by passing json body and query parameter - Set the content type has:
application/json
2023-08-29 17:22:31,646 [main] INFO  com.ep.api.utils.LoggerManagement - PutMethod- Update the user details by passing json body and query parameter - JSON schema validation file: 
{"firstName":"djjj","lastName":"DWssQRER","password":"dasfaswe","userStatus":0,"phone":"13124124216","id":8234,"email":"segssdh@gmail.com","username":"dhkk"}
 Schema Data Structure: 
{"$schema":"http://json-schema.org/draft-04/schema#","type":"object","properties":{"firstName":{"type":"string"},"lastName":{"type":"string"},"password":{"type":"string"},"userStatus":{"type":"integer"},"phone":{"type":"string"},"id":{"type":"integer"},"email":{"type":"string"},"username":{"type":"string"}},"required":["id","username","firstName","lastName","email","password","phone","userStatus"]}
2023-08-29 17:22:31,651 [main] DEBUG com.ep.api.utils.LoggerManagement - PutMethod- Update the user details by passing json body and query parameter - Json body {
  "id": 8234,
  "username": "dhkk",
  "firstName": "djjj",
  "lastName": "DWssQRER",
  "email": "segssdh@gmail.com",
  "password": "dasfaswe",
  "phone": "13124124216",
  "userStatus": 0
}
2023-08-29 17:22:31,659 [main] INFO  com.ep.api.utils.LoggerManagement - PutMethod- Update the user details by passing json body and query parameter - set the Path parameter has. Key: username, Value: dhkk
2023-08-29 17:22:34,002 [main] INFO  com.ep.api.utils.LoggerManagement - PutMethod- Update the user details by passing json body and query parameter - Response body:
{
    "code": 200,
    "type": "unknown",
    "message": "8234"
}
