scenarioName :  PostMethod- Create new user by passing json body

Step : 1
Base URI set to: https://petstore.swagger.io/v2
***********************************

Step : 2
Set the content type has:
application/json
***********************************

Step : 3
JSON schema validation file: 
{"firstName":"djjj","lastName":"DWssQRER","password":"dasfaswe","userStatus":0,"phone":"13124124216","id":8234,"email":"segssdh@gmail.com","username":"dhkk"}
 Schema Data Structure: 
{"$schema":"http://json-schema.org/draft-04/schema#","type":"object","properties":{"firstName":{"type":"string"},"lastName":{"type":"string"},"password":{"type":"string"},"userStatus":{"type":"integer"},"phone":{"type":"string"},"id":{"type":"integer"},"email":{"type":"string"},"username":{"type":"string"}},"required":["id","username","firstName","lastName","email","password","phone","userStatus"]}
***********************************

Step : 4
Json body {
  "id": 8234,
  "username": "dhkk",
  "firstName": "djjj",
  "lastName": "DWssQRER",
  "email": "segssdh@gmail.com",
  "password": "dasfaswe",
  "phone": "13124124216",
  "userStatus": 0
}
***********************************

Step : 5
Response body:
{
    "code": 200,
    "type": "unknown",
    "message": "8234"
}
***********************************

Step : 6
Status code assertion passed. Expected: 200, Actual: 200
***********************************

Step : 7
JSON schema validation is successful for file: /n\src\test\resources\apiJsonSchema\createuserschema.json
***********************************

Step : 8
JSON data deserialized successfully from file: src\test\resources\apiInputData\createuserinputdata.json
***********************************


..............End of Scenario: PostMethod- Create new user by passing json body......................

scenarioName :  GetMethod- Get the user details by passing parameter

Step : 1
Base URI set to: https://petstore.swagger.io/v2
***********************************

Step : 2
set the Path parameter has. Key: username, Value: dhkk
***********************************

Step : 3
Response body:
{
    "id": 8234,
    "username": "dhkk",
    "firstName": "djjj",
    "lastName": "DWssQRER",
    "email": "segssdh@gmail.com",
    "password": "dasfaswe",
    "phone": "13124124216",
    "userStatus": 0
}
***********************************

Step : 4
Status code assertion passed. Expected: 200, Actual: 200
***********************************

Step : 5
JSON schema validation is successful for file: /n\src\test\resources\apiJsonSchema\GetUserSchema.json
***********************************

Step : 6
***********************************


..............End of Scenario: GetMethod- Get the user details by passing parameter......................

scenarioName :  GetMethod- Get the loin user details by passing multiple parameter

Step : 1
Base URI set to: https://petstore.swagger.io/v2
***********************************

Step : 2
Set the query parameter has :
{password=dasfaswe, username=dhkk}
Response body:
{
    "code": 200,
    "type": "unknown",
    "message": "logged in user session:1693375890467"
}
***********************************

Step : 3
Status code assertion passed. Expected: 200, Actual: 200
***********************************

Step : 4
JSON schema validation is successful for file: /n\src\test\resources\apiJsonSchema\createuserschema.json
***********************************


..............End of Scenario: GetMethod- Get the loin user details by passing multiple parameter......................

scenarioName :  GetMethod- Get the loin user details by passing parameter in datatable

Step : 1
Base URI set to: https://petstore.swagger.io/v2
***********************************

Step : 2
Set the query parameter has :
{username=dhkk, password=dasfaswe}
Response body:
{
    "code": 200,
    "type": "unknown",
    "message": "logged in user session:1693375891891"
}
***********************************

Step : 3
Status code assertion passed. Expected: 200, Actual: 200
***********************************

Step : 4
JSON schema validation is successful for file: /n\src\test\resources\apiJsonSchema\createuserschema.json
***********************************

Step : 5
***********************************

Step : 6
***********************************


..............End of Scenario: GetMethod- Get the loin user details by passing parameter in datatable......................

scenarioName :  PostMethod- Create List of user by passing json body

Step : 1
Base URI set to: https://petstore.swagger.io/v2
***********************************

Step : 2
Set the content type has:
application/json
***********************************

Step : 3
Json body [
  {
  "id": 82,
  "username": "pearl",
  "firstName": "Muthu",
  "lastName": "DWssQRER",
  "email": "segssdh@gmail.com",
  "password": "dasfaswe",
  "phone": "13124124216",
  "userStatus": 0
},
{
  "id": 8,
  "username": "jeeva",
  "firstName": "Happy",
  "lastName": "face",
  "email": "jeevah@gmail.com",
  "password": "test@123",
  "phone": "1312412426",
  "userStatus": 1
}
]
***********************************

Step : 4
Response body:
{
    "code": 200,
    "type": "unknown",
    "message": "ok"
}
***********************************

Step : 5
Status code assertion passed. Expected: 200, Actual: 200
***********************************

Step : 6
JSON schema validation is successful for file: /n\src\test\resources\apiJsonSchema\createuserschema.json
***********************************


..............End of Scenario: PostMethod- Create List of user by passing json body......................

scenarioName :  PutMethod- Update the user details by passing json body and query parameter

Step : 1
Base URI set to: https://petstore.swagger.io/v2
***********************************

Step : 2
Set the content type has:
application/json
***********************************

Step : 3
JSON schema validation file: 
{"firstName":"djjj","lastName":"DWssQRER","password":"dasfaswe","userStatus":0,"phone":"13124124216","id":8234,"email":"segssdh@gmail.com","username":"dhkk"}
 Schema Data Structure: 
{"$schema":"http://json-schema.org/draft-04/schema#","type":"object","properties":{"firstName":{"type":"string"},"lastName":{"type":"string"},"password":{"type":"string"},"userStatus":{"type":"integer"},"phone":{"type":"string"},"id":{"type":"integer"},"email":{"type":"string"},"username":{"type":"string"}},"required":["id","username","firstName","lastName","email","password","phone","userStatus"]}
***********************************

Step : 4
Json body {
  "id": 8234,
  "username": "dhkk",
  "firstName": "djjj",
  "lastName": "DWssQRER",
  "email": "segssdh@gmail.com",
  "password": "dasfaswe",
  "phone": "13124124216",
  "userStatus": 0
}
***********************************

Step : 5
set the Path parameter has. Key: username, Value: dhkk
***********************************

Step : 6
Response body:
{
    "code": 200,
    "type": "unknown",
    "message": "8234"
}
***********************************


..............End of Scenario: PutMethod- Update the user details by passing json body and query parameter......................

scenarioName :  DeleteMethod- Delete the user details by passing json body and query parameter

Step : 1
Base URI set to: https://petstore.swagger.io/v2
***********************************

Step : 2
Set the content type has:
application/json
***********************************

Step : 3
Json body {
  "id": 8234,
  "username": "dhkk",
  "firstName": "djjj",
  "lastName": "DWssQRER",
  "email": "segssdh@gmail.com",
  "password": "dasfaswe",
  "phone": "13124124216",
  "userStatus": 0
}
***********************************

Step : 4
set the Path parameter has. Key: username, Value: dhkk
***********************************

Step : 5
Response body:
{
    "code": 200,
    "type": "unknown",
    "message": "dhkk"
}
***********************************


..............End of Scenario: DeleteMethod- Delete the user details by passing json body and query parameter......................

scenarioName :  PostMethod- create new user details

Step : 1
Base URI set to: https://petstore.swagger.io/v2
***********************************

Step : 2
Set the content type has:
application/json
***********************************

Step : 3
***********************************

Step : 4
***********************************

Step : 5
***********************************

Step : 6
***********************************

Step : 7
***********************************

Step : 8
***********************************

Step : 9
***********************************

Step : 10
***********************************

Step : 11
***********************************

Step : 12
***********************************


..............End of Scenario: PostMethod- create new user details......................

scenarioName :  GetMethod- Get the loin user details by passing parameter from json body

Step : 1
Base URI set to: https://petstore.swagger.io/v2
***********************************

Step : 2
Set the query parameter has :
{password=dasfaswe, passwordText=password, usernameText=username, username=dhkk}
Response body:
{
    "code": 200,
    "type": "unknown",
    "message": "logged in user session:1693375899591"
}
***********************************

Step : 3
Status code assertion passed. Expected: 200, Actual: 200
***********************************

Step : 4
JSON schema validation is successful for file: /n\src\test\resources\apiJsonSchema\createuserschema.json
***********************************


..............End of Scenario: GetMethod- Get the loin user details by passing parameter from json body......................

