2023-08-28 14:15:01,004 [main] INFO  com.ep.api.utils.LoggerManagement -  - Base URI set to: http://localhost:3000
2023-08-28 14:15:01,722 [main] INFO  com.ep.api.utils.LoggerManagement -  - Response body:
{
    "StudentInformation": {
        "StudId": 1,
        "Details": {
            "DegreeCompleted": "yes",
            "CourseEnrolled": "MathsComputer",
            "AdditionalInfo": {
                "FinalYearProject": "HTMLWebsite",
                "Academic": {
                    "Year": "2014-2018",
                    "Name": "Mary",
                    "Performance": {
                        "GPA": "3.9",
                        "Rank": {
                            "UniversityRank": 1098,
                            "CollegeRank": 120
                        }
                    }
                }
            }
        }
    }
}
