2023-08-21 16:32:06,843 [main] DEBUG com.ep.api.utils.LoggerManagement - Base URI set to: http://localhost:3000
2023-08-21 16:32:07,431 [main] ERROR com.ep.api.utils.LoggerManagement - Error executing the request: Connection refused: connect
java.net.ConnectException: Connection refused: connect
	at java.base/sun.nio.ch.Net.connect0(Native Method) ~[?:?]
	at java.base/sun.nio.ch.Net.connect(Net.java:579) ~[?:?]
	at java.base/sun.nio.ch.Net.connect(Net.java:568) ~[?:?]
	at java.base/sun.nio.ch.NioSocketImpl.connect(NioSocketImpl.java:585) ~[?:?]
	at java.base/java.net.SocksSocketImpl.connect(SocksSocketImpl.java:327) ~[?:?]
	at java.base/java.net.Socket.connect(Socket.java:633) ~[?:?]
	at org.apache.http.conn.scheme.PlainSocketFactory.connectSocket(PlainSocketFactory.java:121) ~[httpclient-4.5.3.jar:4.5.3]
	at org.apache.http.impl.conn.DefaultClientConnectionOperator.openConnection(DefaultClientConnectionOperator.java:180) ~[httpclient-4.5.3.jar:4.5.3]
	at org.apache.http.impl.conn.ManagedClientConnectionImpl.open(ManagedClientConnectionImpl.java:326) ~[httpclient-4.5.3.jar:4.5.3]
	at org.apache.http.impl.client.DefaultRequestDirector.tryConnect(DefaultRequestDirector.java:610) ~[httpclient-4.5.3.jar:4.5.3]
	at org.apache.http.impl.client.DefaultRequestDirector.execute(DefaultRequestDirector.java:445) ~[httpclient-4.5.3.jar:4.5.3]
	at org.apache.http.impl.client.AbstractHttpClient.doExecute(AbstractHttpClient.java:835) ~[httpclient-4.5.3.jar:4.5.3]
	at org.apache.http.impl.client.CloseableHttpClient.execute(CloseableHttpClient.java:83) ~[httpclient-4.5.3.jar:4.5.3]
	at org.apache.http.impl.client.CloseableHttpClient.execute(CloseableHttpClient.java:56) ~[httpclient-4.5.3.jar:4.5.3]
	at org.apache.http.client.HttpClient$execute$0.call(Unknown Source) ~[?:?]
	at org.codehaus.groovy.runtime.callsite.CallSiteArray.defaultCall(CallSiteArray.java:47) ~[groovy-3.0.8.jar:3.0.8]
	at org.codehaus.groovy.runtime.callsite.AbstractCallSite.call(AbstractCallSite.java:125) ~[groovy-3.0.8.jar:3.0.8]
	at org.codehaus.groovy.runtime.callsite.AbstractCallSite.call(AbstractCallSite.java:148) ~[groovy-3.0.8.jar:3.0.8]
	at io.restassured.internal.RequestSpecificationImpl$RestAssuredHttpBuilder.doRequest(RequestSpecificationImpl.groovy:2072) ~[rest-assured-4.4.0.jar:?]
	at io.restassured.internal.http.HTTPBuilder.doRequest(HTTPBuilder.java:495) ~[rest-assured-4.4.0.jar:?]
	at io.restassured.internal.http.HTTPBuilder.request(HTTPBuilder.java:452) ~[rest-assured-4.4.0.jar:?]
	at io.restassured.internal.http.HTTPBuilder$request$2.call(Unknown Source) ~[?:?]
	at org.codehaus.groovy.runtime.callsite.CallSiteArray.defaultCall(CallSiteArray.java:47) ~[groovy-3.0.8.jar:3.0.8]
	at org.codehaus.groovy.runtime.callsite.AbstractCallSite.call(AbstractCallSite.java:125) ~[groovy-3.0.8.jar:3.0.8]
	at org.codehaus.groovy.runtime.callsite.AbstractCallSite.call(AbstractCallSite.java:166) ~[groovy-3.0.8.jar:3.0.8]
	at io.restassured.internal.RequestSpecificationImpl.sendHttpRequest(RequestSpecificationImpl.groovy:1453) ~[rest-assured-4.4.0.jar:?]
	at java.base/jdk.internal.reflect.DirectMethodHandleAccessor.invoke(DirectMethodHandleAccessor.java:104) ~[?:?]
	at java.base/java.lang.reflect.Method.invoke(Method.java:577) ~[?:?]
	at org.codehaus.groovy.reflection.CachedMethod.invoke(CachedMethod.java:107) ~[groovy-3.0.8.jar:3.0.8]
	at groovy.lang.MetaMethod.doMethodInvoke(MetaMethod.java:323) ~[groovy-3.0.8.jar:3.0.8]
	at groovy.lang.MetaClassImpl.invokeMethod(MetaClassImpl.java:1268) ~[groovy-3.0.8.jar:3.0.8]
	at groovy.lang.MetaClassImpl.invokeMethod(MetaClassImpl.java:1035) ~[groovy-3.0.8.jar:3.0.8]
	at groovy.lang.MetaClassImpl.invokeMethod(MetaClassImpl.java:819) ~[groovy-3.0.8.jar:3.0.8]
	at groovy.lang.GroovyObject.invokeMethod(GroovyObject.java:39) ~[groovy-3.0.8.jar:3.0.8]
	at org.codehaus.groovy.runtime.callsite.PogoInterceptableSite.call(PogoInterceptableSite.java:45) ~[groovy-3.0.8.jar:3.0.8]
	at org.codehaus.groovy.runtime.callsite.PogoInterceptableSite.callCurrent(PogoInterceptableSite.java:55) ~[groovy-3.0.8.jar:3.0.8]
	at org.codehaus.groovy.runtime.callsite.CallSiteArray.defaultCallCurrent(CallSiteArray.java:51) ~[groovy-3.0.8.jar:3.0.8]
	at org.codehaus.groovy.runtime.callsite.AbstractCallSite.callCurrent(AbstractCallSite.java:171) ~[groovy-3.0.8.jar:3.0.8]
	at io.restassured.internal.RequestSpecificationImpl.sendRequest(RequestSpecificationImpl.groovy:1202) ~[rest-assured-4.4.0.jar:?]
	at java.base/jdk.internal.reflect.DirectMethodHandleAccessor.invoke(DirectMethodHandleAccessor.java:104) ~[?:?]
	at java.base/java.lang.reflect.Method.invoke(Method.java:577) ~[?:?]
	at org.codehaus.groovy.reflection.CachedMethod.invoke(CachedMethod.java:107) ~[groovy-3.0.8.jar:3.0.8]
	at groovy.lang.MetaMethod.doMethodInvoke(MetaMethod.java:323) ~[groovy-3.0.8.jar:3.0.8]
	at groovy.lang.MetaClassImpl.invokeMethod(MetaClassImpl.java:1268) ~[groovy-3.0.8.jar:3.0.8]
	at groovy.lang.MetaClassImpl.invokeMethod(MetaClassImpl.java:1035) ~[groovy-3.0.8.jar:3.0.8]
	at groovy.lang.MetaClassImpl.invokeMethod(MetaClassImpl.java:819) ~[groovy-3.0.8.jar:3.0.8]
	at groovy.lang.GroovyObject.invokeMethod(GroovyObject.java:39) ~[groovy-3.0.8.jar:3.0.8]
	at org.codehaus.groovy.runtime.callsite.PogoInterceptableSite.call(PogoInterceptableSite.java:45) ~[groovy-3.0.8.jar:3.0.8]
	at org.codehaus.groovy.runtime.callsite.CallSiteArray.defaultCall(CallSiteArray.java:47) ~[groovy-3.0.8.jar:3.0.8]
	at org.codehaus.groovy.runtime.callsite.AbstractCallSite.call(AbstractCallSite.java:125) ~[groovy-3.0.8.jar:3.0.8]
	at org.codehaus.groovy.runtime.callsite.AbstractCallSite.call(AbstractCallSite.java:166) ~[groovy-3.0.8.jar:3.0.8]
	at io.restassured.internal.filter.SendRequestFilter.filter(SendRequestFilter.groovy:30) ~[rest-assured-4.4.0.jar:?]
	at io.restassured.filter.Filter$filter$0.call(Unknown Source) ~[?:?]
	at org.codehaus.groovy.runtime.callsite.CallSiteArray.defaultCall(CallSiteArray.java:47) ~[groovy-3.0.8.jar:3.0.8]
	at io.restassured.filter.Filter$filter.call(Unknown Source) ~[?:?]
	at io.restassured.internal.filter.FilterContextImpl.next(FilterContextImpl.groovy:72) ~[rest-assured-4.4.0.jar:?]
	at io.restassured.filter.time.TimingFilter.filter(TimingFilter.java:56) ~[rest-assured-4.4.0.jar:?]
	at io.restassured.filter.Filter$filter.call(Unknown Source) ~[?:?]
	at org.codehaus.groovy.runtime.callsite.CallSiteArray.defaultCall(CallSiteArray.java:47) ~[groovy-3.0.8.jar:3.0.8]
	at org.codehaus.groovy.runtime.callsite.AbstractCallSite.call(AbstractCallSite.java:125) ~[groovy-3.0.8.jar:3.0.8]
	at org.codehaus.groovy.runtime.callsite.AbstractCallSite.call(AbstractCallSite.java:157) ~[groovy-3.0.8.jar:3.0.8]
	at io.restassured.internal.filter.FilterContextImpl.next(FilterContextImpl.groovy:72) ~[rest-assured-4.4.0.jar:?]
	at io.restassured.filter.FilterContext$next.call(Unknown Source) ~[?:?]
	at org.codehaus.groovy.runtime.callsite.CallSiteArray.defaultCall(CallSiteArray.java:47) ~[groovy-3.0.8.jar:3.0.8]
	at org.codehaus.groovy.runtime.callsite.AbstractCallSite.call(AbstractCallSite.java:125) ~[groovy-3.0.8.jar:3.0.8]
	at org.codehaus.groovy.runtime.callsite.AbstractCallSite.call(AbstractCallSite.java:148) ~[groovy-3.0.8.jar:3.0.8]
	at io.restassured.internal.RequestSpecificationImpl.applyPathParamsAndSendRequest(RequestSpecificationImpl.groovy:1672) ~[rest-assured-4.4.0.jar:?]
	at java.base/jdk.internal.reflect.DirectMethodHandleAccessor.invoke(DirectMethodHandleAccessor.java:104) ~[?:?]
	at java.base/java.lang.reflect.Method.invoke(Method.java:577) ~[?:?]
	at org.codehaus.groovy.reflection.CachedMethod.invoke(CachedMethod.java:107) ~[groovy-3.0.8.jar:3.0.8]
	at groovy.lang.MetaMethod.doMethodInvoke(MetaMethod.java:323) ~[groovy-3.0.8.jar:3.0.8]
	at groovy.lang.MetaClassImpl.invokeMethod(MetaClassImpl.java:1268) ~[groovy-3.0.8.jar:3.0.8]
	at groovy.lang.MetaClassImpl.invokeMethod(MetaClassImpl.java:1035) ~[groovy-3.0.8.jar:3.0.8]
	at groovy.lang.MetaClassImpl.invokeMethod(MetaClassImpl.java:819) ~[groovy-3.0.8.jar:3.0.8]
	at groovy.lang.GroovyObject.invokeMethod(GroovyObject.java:39) ~[groovy-3.0.8.jar:3.0.8]
	at org.codehaus.groovy.runtime.callsite.PogoInterceptableSite.call(PogoInterceptableSite.java:45) ~[groovy-3.0.8.jar:3.0.8]
	at org.codehaus.groovy.runtime.callsite.PogoInterceptableSite.callCurrent(PogoInterceptableSite.java:55) ~[groovy-3.0.8.jar:3.0.8]
	at org.codehaus.groovy.runtime.callsite.CallSiteArray.defaultCallCurrent(CallSiteArray.java:51) ~[groovy-3.0.8.jar:3.0.8]
	at org.codehaus.groovy.runtime.callsite.AbstractCallSite.callCurrent(AbstractCallSite.java:171) ~[groovy-3.0.8.jar:3.0.8]
	at org.codehaus.groovy.runtime.callsite.AbstractCallSite.callCurrent(AbstractCallSite.java:203) ~[groovy-3.0.8.jar:3.0.8]
	at io.restassured.internal.RequestSpecificationImpl.request(RequestSpecificationImpl.groovy:297) ~[rest-assured-4.4.0.jar:?]
	at io.restassured.internal.RequestSpecificationImpl.request(RequestSpecificationImpl.groovy) ~[rest-assured-4.4.0.jar:?]
	at java.base/jdk.internal.reflect.DirectMethodHandleAccessor.invoke(DirectMethodHandleAccessor.java:104) ~[?:?]
	at java.base/java.lang.reflect.Method.invoke(Method.java:577) ~[?:?]
	at org.codehaus.groovy.reflection.CachedMethod.invoke(CachedMethod.java:107) ~[groovy-3.0.8.jar:3.0.8]
	at groovy.lang.MetaMethod.doMethodInvoke(MetaMethod.java:323) ~[groovy-3.0.8.jar:3.0.8]
	at groovy.lang.MetaClassImpl.invokeMethod(MetaClassImpl.java:1268) ~[groovy-3.0.8.jar:3.0.8]
	at groovy.lang.MetaClassImpl.invokeMethod(MetaClassImpl.java:1035) ~[groovy-3.0.8.jar:3.0.8]
	at groovy.lang.MetaClassImpl.invokeMethod(MetaClassImpl.java:819) ~[groovy-3.0.8.jar:3.0.8]
	at groovy.lang.GroovyObject.invokeMethod(GroovyObject.java:39) ~[groovy-3.0.8.jar:3.0.8]
	at org.codehaus.groovy.runtime.callsite.PogoInterceptableSite.call(PogoInterceptableSite.java:45) ~[groovy-3.0.8.jar:3.0.8]
	at org.codehaus.groovy.runtime.callsite.PogoInterceptableSite.callCurrent(PogoInterceptableSite.java:55) ~[groovy-3.0.8.jar:3.0.8]
	at org.codehaus.groovy.runtime.callsite.CallSiteArray.defaultCallCurrent(CallSiteArray.java:51) ~[groovy-3.0.8.jar:3.0.8]
	at org.codehaus.groovy.runtime.callsite.AbstractCallSite.callCurrent(AbstractCallSite.java:171) ~[groovy-3.0.8.jar:3.0.8]
	at org.codehaus.groovy.runtime.callsite.AbstractCallSite.callCurrent(AbstractCallSite.java:203) ~[groovy-3.0.8.jar:3.0.8]
	at io.restassured.internal.RequestSpecificationImpl.request(RequestSpecificationImpl.groovy:293) ~[rest-assured-4.4.0.jar:?]
	at io.restassured.internal.RequestSpecificationImpl.request(RequestSpecificationImpl.groovy) ~[rest-assured-4.4.0.jar:?]
	at com.ep.api.utils.APIBaseRestActions.executeTheRequest(APIBaseRestActions.java:84) ~[test-classes/:?]
	at com.ep.api.stepdefinition.StudentSteps.execute_the_get_request_for_student(StudentSteps.java:37) ~[test-classes/:?]
	at java.base/jdk.internal.reflect.DirectMethodHandleAccessor.invoke(DirectMethodHandleAccessor.java:104) ~[?:?]
	at java.base/java.lang.reflect.Method.invoke(Method.java:577) ~[?:?]
	at io.cucumber.java.Invoker.doInvoke(Invoker.java:66) ~[cucumber-java-7.13.0.jar:7.13.0]
	at io.cucumber.java.Invoker.invoke(Invoker.java:24) ~[cucumber-java-7.13.0.jar:7.13.0]
	at io.cucumber.java.AbstractGlueDefinition.invokeMethod(AbstractGlueDefinition.java:47) ~[cucumber-java-7.13.0.jar:7.13.0]
	at io.cucumber.java.JavaStepDefinition.execute(JavaStepDefinition.java:29) ~[cucumber-java-7.13.0.jar:7.13.0]
	at io.cucumber.core.runner.CoreStepDefinition.execute(CoreStepDefinition.java:66) ~[cucumber-core-7.13.0.jar:7.13.0]
	at io.cucumber.core.runner.PickleStepDefinitionMatch.runStep(PickleStepDefinitionMatch.java:63) ~[cucumber-core-7.13.0.jar:7.13.0]
	at io.cucumber.core.runner.ExecutionMode$1.execute(ExecutionMode.java:10) ~[cucumber-core-7.13.0.jar:7.13.0]
	at io.cucumber.core.runner.TestStep.executeStep(TestStep.java:84) ~[cucumber-core-7.13.0.jar:7.13.0]
	at io.cucumber.core.runner.TestStep.run(TestStep.java:56) ~[cucumber-core-7.13.0.jar:7.13.0]
	at io.cucumber.core.runner.PickleStepTestStep.run(PickleStepTestStep.java:51) ~[cucumber-core-7.13.0.jar:7.13.0]
	at io.cucumber.core.runner.TestCase.run(TestCase.java:84) ~[cucumber-core-7.13.0.jar:7.13.0]
	at io.cucumber.core.runner.Runner.runPickle(Runner.java:75) ~[cucumber-core-7.13.0.jar:7.13.0]
	at io.cucumber.testng.TestNGCucumberRunner.lambda$runScenario$1(TestNGCucumberRunner.java:132) ~[cucumber-testng-7.13.0.jar:7.13.0]
	at io.cucumber.core.runtime.CucumberExecutionContext.lambda$runTestCase$5(CucumberExecutionContext.java:137) ~[cucumber-core-7.13.0.jar:7.13.0]
	at io.cucumber.core.runtime.RethrowingThrowableCollector.executeAndThrow(RethrowingThrowableCollector.java:23) ~[cucumber-core-7.13.0.jar:7.13.0]
	at io.cucumber.core.runtime.CucumberExecutionContext.runTestCase(CucumberExecutionContext.java:137) ~[cucumber-core-7.13.0.jar:7.13.0]
	at io.cucumber.testng.TestNGCucumberRunner.runScenario(TestNGCucumberRunner.java:129) ~[cucumber-testng-7.13.0.jar:7.13.0]
	at io.cucumber.testng.AbstractTestNGCucumberTests.runScenario(AbstractTestNGCucumberTests.java:35) ~[cucumber-testng-7.13.0.jar:7.13.0]
	at java.base/jdk.internal.reflect.DirectMethodHandleAccessor.invoke(DirectMethodHandleAccessor.java:104) ~[?:?]
	at java.base/java.lang.reflect.Method.invoke(Method.java:577) ~[?:?]
	at org.testng.internal.MethodInvocationHelper.invokeMethod(MethodInvocationHelper.java:134) ~[testng-7.1.0.jar:?]
	at org.testng.internal.TestInvoker.invokeMethod(TestInvoker.java:597) ~[testng-7.1.0.jar:?]
	at org.testng.internal.TestInvoker.invokeTestMethod(TestInvoker.java:173) ~[testng-7.1.0.jar:?]
	at org.testng.internal.MethodRunner.runInSequence(MethodRunner.java:46) ~[testng-7.1.0.jar:?]
	at org.testng.internal.TestInvoker$MethodInvocationAgent.invoke(TestInvoker.java:816) ~[testng-7.1.0.jar:?]
	at org.testng.internal.TestInvoker.invokeTestMethods(TestInvoker.java:146) ~[testng-7.1.0.jar:?]
	at org.testng.internal.TestMethodWorker.invokeTestMethods(TestMethodWorker.java:146) ~[testng-7.1.0.jar:?]
	at org.testng.internal.TestMethodWorker.run(TestMethodWorker.java:128) ~[testng-7.1.0.jar:?]
	at java.base/java.util.ArrayList.forEach(ArrayList.java:1511) [?:?]
	at org.testng.TestRunner.privateRun(TestRunner.java:766) [testng-7.1.0.jar:?]
	at org.testng.TestRunner.run(TestRunner.java:587) [testng-7.1.0.jar:?]
	at org.testng.SuiteRunner.runTest(SuiteRunner.java:384) [testng-7.1.0.jar:?]
	at org.testng.SuiteRunner.runSequentially(SuiteRunner.java:378) [testng-7.1.0.jar:?]
	at org.testng.SuiteRunner.privateRun(SuiteRunner.java:337) [testng-7.1.0.jar:?]
	at org.testng.SuiteRunner.run(SuiteRunner.java:286) [testng-7.1.0.jar:?]
	at org.testng.SuiteRunnerWorker.runSuite(SuiteRunnerWorker.java:53) [testng-7.1.0.jar:?]
	at org.testng.SuiteRunnerWorker.run(SuiteRunnerWorker.java:96) [testng-7.1.0.jar:?]
	at org.testng.TestNG.runSuitesSequentially(TestNG.java:1187) [testng-7.1.0.jar:?]
	at org.testng.TestNG.runSuitesLocally(TestNG.java:1109) [testng-7.1.0.jar:?]
	at org.testng.TestNG.runSuites(TestNG.java:1039) [testng-7.1.0.jar:?]
	at org.testng.TestNG.run(TestNG.java:1007) [testng-7.1.0.jar:?]
	at org.testng.remote.AbstractRemoteTestNG.run(AbstractRemoteTestNG.java:115) [testng-remote.jar:?]
	at org.testng.remote.RemoteTestNG.initAndRun(RemoteTestNG.java:251) [testng-remote.jar:?]
	at org.testng.remote.RemoteTestNG.main(RemoteTestNG.java:77) [testng-remote.jar:?]
