2023-08-21 15:25:01,431 [main] DEBUG com.ep.api.utils.LoggerManagement - Base URI set to: https://petstore.swagger.io/v2
2023-08-21 15:25:13,780 [main] DEBUG com.ep.api.utils.LoggerManagement - Request Spec Details:
application/json
2023-08-21 15:25:35,734 [main] DEBUG com.ep.api.utils.LoggerManagement - Json body {
  "id": 4,
  "category": {
    "id": 31,
    "name": "ruby"
  },
  "name": "joe",
  "photoUrls": [
    "string"
  ],
  "tags": [
    {
      "id": 23,
      "name": "stonegold"
    }
  ],
  "status": "available"
}
